c:\projects\github\mycppjourney\mycppjourney\mycppjourney\debug\vc142.pdb
c:\projects\github\mycppjourney\mycppjourney\mycppjourney\debug\vc142.idb
c:\projects\github\mycppjourney\mycppjourney\mycppjourney\debug\source.obj
c:\projects\github\mycppjourney\mycppjourney\mycppjourney\debug\playerinformation.obj
c:\projects\github\mycppjourney\mycppjourney\mycppjourney\debug\mathformulas.obj
c:\projects\github\mycppjourney\mycppjourney\mycppjourney\debug\temperature.obj
c:\projects\github\mycppjourney\mycppjourney\mycppjourney\debug\printloop.obj
c:\projects\github\mycppjourney\mycppjourney\mycppjourney\debug\polygonshape.obj
c:\projects\github\mycppjourney\mycppjourney\mycppjourney\debug\electricitybill.obj
c:\projects\github\mycppjourney\mycppjourney\mycppjourney\debug\asciiprogram.obj
c:\projects\github\mycppjourney\mycppjourney\mycppjourney\debug\identifynumbertype.obj
c:\projects\github\mycppjourney\mycppjourney\mycppjourney\debug\triangle.obj
c:\projects\github\mycppjourney\mycppjourney\mycppjourney\debug\swapingnumbers.obj
c:\projects\github\mycppjourney\mycppjourney\mycppjourney\debug\bmicalculator.obj
c:\projects\github\mycppjourney\mycppjourney\mycppjourney\debug\guessinggame.obj
c:\projects\github\mycppjourney\mycppjourney\mycppjourney\debug\calculator.obj
c:\projects\github\mycppjourney\mycppjourney\mycppjourney\debug\mathcalculator.obj
c:\projects\github\mycppjourney\mycppjourney\mycppjourney\debug\examplewhileloop.obj
c:\projects\github\mycppjourney\mycppjourney\mycppjourney\debug\exampledowhile.obj
c:\projects\github\mycppjourney\mycppjourney\mycppjourney\debug\loopsnested.obj
c:\projects\github\mycppjourney\mycppjourney\mycppjourney\debug\exampleforloop.obj
c:\projects\github\mycppjourney\mycppjourney\mycppjourney\debug\function.obj
c:\projects\github\mycppjourney\mycppjourney\mycppjourney\debug\loops.obj
c:\projects\github\mycppjourney\mycppjourney\debug\mycppjourney.exe
c:\projects\github\mycppjourney\mycppjourney\mycppjourney\debug\mycppjourney.ilk
c:\projects\github\mycppjourney\mycppjourney\debug\mycppjourney.pdb
c:\projects\github\mycppjourney\mycppjourney\mycppjourney\debug\mycppjourney.res
c:\projects\github\mycppjourney\mycppjourney\mycppjourney\debug\arithmeticoperators.obj
c:\projects\github\mycppjourney\mycppjourney\mycppjourney\debug\exampleloops.obj
c:\projects\github\mycppjourney\mycppjourney\mycppjourney\debug\mycppjourney.tlog\cl.command.1.tlog
c:\projects\github\mycppjourney\mycppjourney\mycppjourney\debug\mycppjourney.tlog\cl.read.1.tlog
c:\projects\github\mycppjourney\mycppjourney\mycppjourney\debug\mycppjourney.tlog\cl.write.1.tlog
c:\projects\github\mycppjourney\mycppjourney\mycppjourney\debug\mycppjourney.tlog\link.command.1.tlog
c:\projects\github\mycppjourney\mycppjourney\mycppjourney\debug\mycppjourney.tlog\link.read.1.tlog
c:\projects\github\mycppjourney\mycppjourney\mycppjourney\debug\mycppjourney.tlog\link.write.1.tlog
c:\projects\github\mycppjourney\mycppjourney\mycppjourney\debug\mycppjourney.tlog\rc.command.1.tlog
c:\projects\github\mycppjourney\mycppjourney\mycppjourney\debug\mycppjourney.tlog\rc.read.1.tlog
c:\projects\github\mycppjourney\mycppjourney\mycppjourney\debug\mycppjourney.tlog\rc.write.1.tlog
